<?xml version="1.0" encoding="UTF-8"?>
<!-- Generated by org.testng.reporters.JUnitReportReporter -->
<testsuite skipped="0" hostname="vipin" name="docker.FirefoxTest" tests="1" failures="0" timestamp="02 Jun 2021 17:11:11 GMT" time="36.747" errors="0">
  <testcase name="test" time="36.747" classname="docker.FirefoxTest"/>
</testsuite> <!-- docker.FirefoxTest -->
