<?xml version="1.0" encoding="UTF-8"?>
<!-- Generated by org.testng.reporters.JUnitReportReporter -->
<testsuite skipped="0" hostname="vipin" name="docker.Setup_DockerGrid" tests="2" failures="0" timestamp="02 Jun 2021 17:07:04 GMT" time="20.042" errors="0">
  <testcase name="startDockerGrid" time="15.016" classname="docker.Setup_DockerGrid"/>
  <testcase name="stopDockerGrid" time="5.026" classname="docker.Setup_DockerGrid"/>
</testsuite> <!-- docker.Setup_DockerGrid -->
